
*** Running vivado
    with args -log Top_Module.vds -m64 -product Vivado -mode batch -messageDb vivado.pb -notrace -source Top_Module.tcl



****** Vivado v2020.2 (64-bit)
  **** SW Build 3064766 on Wed Nov 18 09:12:45 MST 2020
  **** IP Build 3064653 on Wed Nov 18 14:17:31 MST 2020
    ** Copyright 1986-2020 Xilinx, Inc. All Rights Reserved.

source Top_Module.tcl -notrace
create_project: Time (s): cpu = 00:00:02 ; elapsed = 00:00:09 . Memory (MB): peak = 635.887 ; gain = 16.457
Command: synth_design -top Top_Module -part xc7k70tfbv676-1
Starting synth_design
Attempting to get a license for feature 'Synthesis' and/or device 'xc7k70t'
INFO: [Common 17-349] Got license for feature 'Synthesis' and/or device 'xc7k70t'
INFO: [Device 21-403] Loading part xc7k70tfbv676-1
INFO: [Synth 8-7079] Multithreading enabled for synth_design using a maximum of 2 processes.
INFO: [Synth 8-7078] Launching helper process for spawning children vivado processes
INFO: [Synth 8-7075] Helper process launched with PID 3352
---------------------------------------------------------------------------------
Starting RTL Elaboration : Time (s): cpu = 00:00:17 ; elapsed = 00:00:42 . Memory (MB): peak = 1052.340 ; gain = 0.000
---------------------------------------------------------------------------------
INFO: [Synth 8-6157] synthesizing module 'Top_Module' [C:/Users/user/Desktop/Mini project/Robotic ARM/Robotic ARM.srcs/sources_1/new/Top_Module.v:3]
INFO: [Synth 8-6157] synthesizing module 'Angle_to_on_time' [C:/Users/user/Desktop/Mini project/Robotic ARM/Robotic ARM.srcs/sources_1/new/Angle_to_on_time.v:3]
	Parameter x bound to: 100000 - type: integer 
INFO: [Synth 8-6155] done synthesizing module 'Angle_to_on_time' (1#1) [C:/Users/user/Desktop/Mini project/Robotic ARM/Robotic ARM.srcs/sources_1/new/Angle_to_on_time.v:3]
INFO: [Synth 8-6157] synthesizing module 'PIPO_shift_register' [C:/Users/user/Desktop/Mini project/Robotic ARM/Robotic ARM.srcs/sources_1/new/PIPO_shift_register.v:3]
INFO: [Synth 8-6155] done synthesizing module 'PIPO_shift_register' (2#1) [C:/Users/user/Desktop/Mini project/Robotic ARM/Robotic ARM.srcs/sources_1/new/PIPO_shift_register.v:3]
INFO: [Synth 8-6157] synthesizing module 'PWM_generator' [C:/Users/user/Desktop/Mini project/Robotic ARM/Robotic ARM.srcs/sources_1/new/PWM_generator.v:3]
	Parameter x bound to: 100000 - type: integer 
INFO: [Synth 8-6155] done synthesizing module 'PWM_generator' (3#1) [C:/Users/user/Desktop/Mini project/Robotic ARM/Robotic ARM.srcs/sources_1/new/PWM_generator.v:3]
INFO: [Synth 8-6155] done synthesizing module 'Top_Module' (4#1) [C:/Users/user/Desktop/Mini project/Robotic ARM/Robotic ARM.srcs/sources_1/new/Top_Module.v:3]
---------------------------------------------------------------------------------
Finished RTL Elaboration : Time (s): cpu = 00:00:22 ; elapsed = 00:01:13 . Memory (MB): peak = 1052.340 ; gain = 0.000
---------------------------------------------------------------------------------
---------------------------------------------------------------------------------
Start Handling Custom Attributes
---------------------------------------------------------------------------------
---------------------------------------------------------------------------------
Finished Handling Custom Attributes : Time (s): cpu = 00:00:23 ; elapsed = 00:01:24 . Memory (MB): peak = 1052.340 ; gain = 0.000
---------------------------------------------------------------------------------
---------------------------------------------------------------------------------
Finished RTL Optimization Phase 1 : Time (s): cpu = 00:00:23 ; elapsed = 00:01:24 . Memory (MB): peak = 1052.340 ; gain = 0.000
---------------------------------------------------------------------------------
Netlist sorting complete. Time (s): cpu = 00:00:00 ; elapsed = 00:00:00.140 . Memory (MB): peak = 1052.340 ; gain = 0.000
INFO: [Project 1-570] Preparing netlist for logic optimization

Processing XDC Constraints
Initializing timing engine
Parsing XDC File [C:/Users/user/Desktop/Mini project/Robotic ARM/Robotic ARM.srcs/constrs_1/new/Robotic_Arm_Constt.xdc]
CRITICAL WARNING: [Common 17-170] Unknown option '-dict{PACKAGE_PIN', please type 'set_property -help' for usage info. [C:/Users/user/Desktop/Mini project/Robotic ARM/Robotic ARM.srcs/constrs_1/new/Robotic_Arm_Constt.xdc:2]
WARNING: [Vivado 12-507] No nets matched 'clk_trig_IBUF[0]'. [C:/Users/user/Desktop/Mini project/Robotic ARM/Robotic ARM.srcs/constrs_1/new/Robotic_Arm_Constt.xdc:5]
CRITICAL WARNING: [Common 17-55] 'set_property' expects at least one object. [C:/Users/user/Desktop/Mini project/Robotic ARM/Robotic ARM.srcs/constrs_1/new/Robotic_Arm_Constt.xdc:5]
Resolution: If [get_<value>] was used to populate the object, check to make sure this command returns at least one valid object.
WARNING: [Vivado 12-507] No nets matched 'clk_trig_IBUF[1]'. [C:/Users/user/Desktop/Mini project/Robotic ARM/Robotic ARM.srcs/constrs_1/new/Robotic_Arm_Constt.xdc:6]
CRITICAL WARNING: [Common 17-55] 'set_property' expects at least one object. [C:/Users/user/Desktop/Mini project/Robotic ARM/Robotic ARM.srcs/constrs_1/new/Robotic_Arm_Constt.xdc:6]
Resolution: If [get_<value>] was used to populate the object, check to make sure this command returns at least one valid object.
WARNING: [Vivado 12-507] No nets matched 'clk_trig_IBUF[2]'. [C:/Users/user/Desktop/Mini project/Robotic ARM/Robotic ARM.srcs/constrs_1/new/Robotic_Arm_Constt.xdc:7]
CRITICAL WARNING: [Common 17-55] 'set_property' expects at least one object. [C:/Users/user/Desktop/Mini project/Robotic ARM/Robotic ARM.srcs/constrs_1/new/Robotic_Arm_Constt.xdc:7]
Resolution: If [get_<value>] was used to populate the object, check to make sure this command returns at least one valid object.
WARNING: [Vivado 12-507] No nets matched 'clk_trig_IBUF[3]'. [C:/Users/user/Desktop/Mini project/Robotic ARM/Robotic ARM.srcs/constrs_1/new/Robotic_Arm_Constt.xdc:8]
CRITICAL WARNING: [Common 17-55] 'set_property' expects at least one object. [C:/Users/user/Desktop/Mini project/Robotic ARM/Robotic ARM.srcs/constrs_1/new/Robotic_Arm_Constt.xdc:8]
Resolution: If [get_<value>] was used to populate the object, check to make sure this command returns at least one valid object.
Finished Parsing XDC File [C:/Users/user/Desktop/Mini project/Robotic ARM/Robotic ARM.srcs/constrs_1/new/Robotic_Arm_Constt.xdc]
INFO: [Project 1-236] Implementation specific constraints were found while reading constraint file [C:/Users/user/Desktop/Mini project/Robotic ARM/Robotic ARM.srcs/constrs_1/new/Robotic_Arm_Constt.xdc]. These constraints will be ignored for synthesis but will be used in implementation. Impacted constraints are listed in the file [.Xil/Top_Module_propImpl.xdc].
Resolution: To avoid this warning, move constraints listed in [.Xil/Top_Module_propImpl.xdc] to another XDC file and exclude this new file from synthesis with the used_in_synthesis property (File Properties dialog in GUI) and re-run elaboration/synthesis.
Completed Processing XDC Constraints

Netlist sorting complete. Time (s): cpu = 00:00:00 ; elapsed = 00:00:00 . Memory (MB): peak = 1052.340 ; gain = 0.000
INFO: [Project 1-111] Unisim Transformation Summary:
No Unisim elements were transformed.

Constraint Validation Runtime : Time (s): cpu = 00:00:00 ; elapsed = 00:00:00.497 . Memory (MB): peak = 1052.340 ; gain = 0.000
---------------------------------------------------------------------------------
Finished Constraint Validation : Time (s): cpu = 00:00:47 ; elapsed = 00:03:02 . Memory (MB): peak = 1052.340 ; gain = 0.000
---------------------------------------------------------------------------------
---------------------------------------------------------------------------------
Start Loading Part and Timing Information
---------------------------------------------------------------------------------
Loading part: xc7k70tfbv676-1
---------------------------------------------------------------------------------
Finished Loading Part and Timing Information : Time (s): cpu = 00:00:48 ; elapsed = 00:03:02 . Memory (MB): peak = 1052.340 ; gain = 0.000
---------------------------------------------------------------------------------
---------------------------------------------------------------------------------
Start Applying 'set_property' XDC Constraints
---------------------------------------------------------------------------------
---------------------------------------------------------------------------------
Finished applying 'set_property' XDC Constraints : Time (s): cpu = 00:00:48 ; elapsed = 00:03:04 . Memory (MB): peak = 1052.340 ; gain = 0.000
---------------------------------------------------------------------------------
---------------------------------------------------------------------------------
Finished RTL Optimization Phase 2 : Time (s): cpu = 00:00:49 ; elapsed = 00:03:09 . Memory (MB): peak = 1052.340 ; gain = 0.000
---------------------------------------------------------------------------------
---------------------------------------------------------------------------------
Start RTL Component Statistics 
---------------------------------------------------------------------------------
Detailed RTL Component Info : 
+---Registers : 
	               28 Bit    Registers := 4     
	                1 Bit    Registers := 4     
+---Muxes : 
	   5 Input   18 Bit        Muxes := 1     
	   2 Input    1 Bit        Muxes := 8     
---------------------------------------------------------------------------------
Finished RTL Component Statistics 
---------------------------------------------------------------------------------
---------------------------------------------------------------------------------
Start Part Resource Summary
---------------------------------------------------------------------------------
Part Resources:
DSPs: 240 (col length:80)
BRAMs: 270 (col length: RAMB18 80 RAMB36 40)
---------------------------------------------------------------------------------
Finished Part Resource Summary
---------------------------------------------------------------------------------
---------------------------------------------------------------------------------
Start Cross Boundary and Area Optimization
---------------------------------------------------------------------------------
---------------------------------------------------------------------------------
Finished Cross Boundary and Area Optimization : Time (s): cpu = 00:00:57 ; elapsed = 00:03:23 . Memory (MB): peak = 1052.340 ; gain = 0.000
---------------------------------------------------------------------------------
---------------------------------------------------------------------------------
Start Applying XDC Timing Constraints
---------------------------------------------------------------------------------
---------------------------------------------------------------------------------
Finished Applying XDC Timing Constraints : Time (s): cpu = 00:01:20 ; elapsed = 00:03:49 . Memory (MB): peak = 1052.340 ; gain = 0.000
---------------------------------------------------------------------------------
---------------------------------------------------------------------------------
Start Timing Optimization
---------------------------------------------------------------------------------
---------------------------------------------------------------------------------
Finished Timing Optimization : Time (s): cpu = 00:01:20 ; elapsed = 00:03:49 . Memory (MB): peak = 1052.340 ; gain = 0.000
---------------------------------------------------------------------------------
---------------------------------------------------------------------------------
Start Technology Mapping
---------------------------------------------------------------------------------
---------------------------------------------------------------------------------
Finished Technology Mapping : Time (s): cpu = 00:01:20 ; elapsed = 00:03:50 . Memory (MB): peak = 1052.340 ; gain = 0.000
---------------------------------------------------------------------------------
---------------------------------------------------------------------------------
Start IO Insertion
---------------------------------------------------------------------------------
---------------------------------------------------------------------------------
Start Flattening Before IO Insertion
---------------------------------------------------------------------------------
---------------------------------------------------------------------------------
Finished Flattening Before IO Insertion
---------------------------------------------------------------------------------
---------------------------------------------------------------------------------
Start Final Netlist Cleanup
---------------------------------------------------------------------------------
---------------------------------------------------------------------------------
Finished Final Netlist Cleanup
---------------------------------------------------------------------------------
---------------------------------------------------------------------------------
Finished IO Insertion : Time (s): cpu = 00:01:38 ; elapsed = 00:04:08 . Memory (MB): peak = 1052.340 ; gain = 0.000
---------------------------------------------------------------------------------
---------------------------------------------------------------------------------
Start Renaming Generated Instances
---------------------------------------------------------------------------------
---------------------------------------------------------------------------------
Finished Renaming Generated Instances : Time (s): cpu = 00:01:38 ; elapsed = 00:04:08 . Memory (MB): peak = 1052.340 ; gain = 0.000
---------------------------------------------------------------------------------
---------------------------------------------------------------------------------
Start Rebuilding User Hierarchy
---------------------------------------------------------------------------------
---------------------------------------------------------------------------------
Finished Rebuilding User Hierarchy : Time (s): cpu = 00:01:38 ; elapsed = 00:04:08 . Memory (MB): peak = 1052.340 ; gain = 0.000
---------------------------------------------------------------------------------
---------------------------------------------------------------------------------
Start Renaming Generated Ports
---------------------------------------------------------------------------------
---------------------------------------------------------------------------------
Finished Renaming Generated Ports : Time (s): cpu = 00:01:38 ; elapsed = 00:04:08 . Memory (MB): peak = 1052.340 ; gain = 0.000
---------------------------------------------------------------------------------
---------------------------------------------------------------------------------
Start Handling Custom Attributes
---------------------------------------------------------------------------------
---------------------------------------------------------------------------------
Finished Handling Custom Attributes : Time (s): cpu = 00:01:38 ; elapsed = 00:04:08 . Memory (MB): peak = 1052.340 ; gain = 0.000
---------------------------------------------------------------------------------
---------------------------------------------------------------------------------
Start Renaming Generated Nets
---------------------------------------------------------------------------------
---------------------------------------------------------------------------------
Finished Renaming Generated Nets : Time (s): cpu = 00:01:38 ; elapsed = 00:04:08 . Memory (MB): peak = 1052.340 ; gain = 0.000
---------------------------------------------------------------------------------
---------------------------------------------------------------------------------
Start Writing Synthesis Report
---------------------------------------------------------------------------------

Report BlackBoxes: 
+-+--------------+----------+
| |BlackBox name |Instances |
+-+--------------+----------+
+-+--------------+----------+

Report Cell Usage: 
+------+-------+------+
|      |Cell   |Count |
+------+-------+------+
|1     |BUFG   |     5|
|2     |CARRY4 |    40|
|3     |LUT1   |    12|
|4     |LUT2   |    12|
|5     |LUT3   |    20|
|6     |LUT4   |    26|
|7     |LUT5   |    12|
|8     |LUT6   |    28|
|9     |FDRE   |   156|
|10    |IBUF   |    13|
|11    |OBUF   |     4|
+------+-------+------+
---------------------------------------------------------------------------------
Finished Writing Synthesis Report : Time (s): cpu = 00:01:38 ; elapsed = 00:04:08 . Memory (MB): peak = 1052.340 ; gain = 0.000
---------------------------------------------------------------------------------
Synthesis finished with 0 errors, 0 critical warnings and 0 warnings.
Synthesis Optimization Runtime : Time (s): cpu = 00:01:06 ; elapsed = 00:02:51 . Memory (MB): peak = 1052.340 ; gain = 0.000
Synthesis Optimization Complete : Time (s): cpu = 00:01:38 ; elapsed = 00:04:09 . Memory (MB): peak = 1052.340 ; gain = 0.000
INFO: [Project 1-571] Translating synthesized netlist
Netlist sorting complete. Time (s): cpu = 00:00:00 ; elapsed = 00:00:00.024 . Memory (MB): peak = 1052.340 ; gain = 0.000
INFO: [Netlist 29-17] Analyzing 40 Unisim elements for replacement
INFO: [Netlist 29-28] Unisim Transformation completed in 1 CPU seconds
INFO: [Project 1-570] Preparing netlist for logic optimization
INFO: [Opt 31-138] Pushed 0 inverter(s) to 0 load pin(s).
Netlist sorting complete. Time (s): cpu = 00:00:00 ; elapsed = 00:00:00.001 . Memory (MB): peak = 1052.340 ; gain = 0.000
INFO: [Project 1-111] Unisim Transformation Summary:
No Unisim elements were transformed.

INFO: [Common 17-83] Releasing license: Synthesis
23 Infos, 4 Warnings, 5 Critical Warnings and 0 Errors encountered.
synth_design completed successfully
synth_design: Time (s): cpu = 00:02:10 ; elapsed = 00:06:10 . Memory (MB): peak = 1052.340 ; gain = 416.453
INFO: [runtcl-6] Synthesis results are not added to the cache due to CRITICAL_WARNING
INFO: [Common 17-1381] The checkpoint 'C:/Users/user/Desktop/Mini project/Robotic ARM/Robotic ARM.runs/synth_1/Top_Module.dcp' has been generated.
INFO: [runtcl-4] Executing : report_utilization -file Top_Module_utilization_synth.rpt -pb Top_Module_utilization_synth.pb
INFO: [Common 17-206] Exiting Vivado at Wed Apr 13 15:41:37 2022...
